2026-04-10 14:13:33 [INFO] ============================================================
2026-04-10 14:13:33 [INFO] ============================================================
2026-04-10 14:13:33 [INFO] RUN STARTED — log: run_2026-04-10_14-13-33.log
2026-04-10 14:13:33 [INFO] RUN STARTED — log: run_2026-04-10_14-13-33.log
2026-04-10 14:13:33 [INFO] ============================================================
2026-04-10 14:13:33 [INFO] ============================================================
2026-04-10 14:13:34 [INFO] Scraping https://www.rundown.ai/articles?category=AI
2026-04-10 14:13:34 [INFO] Scraping https://www.rundown.ai/articles?category=AI
Loading https://www.rundown.ai/articles?category=AI ...
Traceback (most recent call last):
  File "C:\Users\brryli\Desktop\automations\content_repurposing\scraper.py", line 173, in main
pw.goto(BASE_URL, wait_until="networkidle", timeout=30000)
  File "C:\Users\brryli\AppData\Local\Programs\Python\Python312\Lib\site-packages\playwright\sync_api\_generated.py", line 9054, in goto
self._sync(
  File "C:\Users\brryli\AppData\Local\Programs\Python\Python312\Lib\site-packages\playwright\_impl\_sync_base.py", line 113, in _sync
self._dispatcher_fiber.switch()
  File "C:\Users\brryli\AppData\Local\Programs\Python\Python312\Lib\site-packages\playwright\sync_api\_context_manager.py", line 56, in greenlet_main
self._loop.run_until_complete(self._connection.run_as_sync())
  File "C:\Users\brryli\AppData\Local\Programs\Python\Python312\Lib\asyncio\base_events.py", line 674, in run_until_complete
self.run_forever()
  File "C:\Users\brryli\AppData\Local\Programs\Python\Python312\Lib\asyncio\windows_events.py", line 322, in run_forever
super().run_forever()
  File "C:\Users\brryli\AppData\Local\Programs\Python\Python312\Lib\asyncio\base_events.py", line 641, in run_forever
self._run_once()
  File "C:\Users\brryli\AppData\Local\Programs\Python\Python312\Lib\asyncio\base_events.py", line 1949, in _run_once
event_list = self._selector.select(timeout)
^
^
^
^
^
^
^
^
^
^
^
^
^
^
^
^
^
^
^
^
^
^
^
^
^
^
^
^
^
^
  File "C:\Users\brryli\AppData\Local\Programs\Python\Python312\Lib\asyncio\windows_events.py", line 445, in select
self._poll(timeout)
  File "C:\Users\brryli\AppData\Local\Programs\Python\Python312\Lib\asyncio\windows_events.py", line 774, in _poll
status = _overlapped.GetQueuedCompletionStatus(self._iocp, ms)
^
^
^
^
^
^
^
^
^
^
^
^
^
^
^
^
^
^
^
^
^
^
^
^
^
^
^
^
^
^
^
^
^
^
^
^
^
^
^
^
^
^
^
^
^
^
^
^
^
^
^
^
^
KeyboardInterrupt
During handling of the above exception, another exception occurred:
Traceback (most recent call last):
  File "C:\Users\brryli\Desktop\automations\content_repurposing\scraper.py", line 309, in <module>
main()
  File "C:\Users\brryli\Desktop\automations\content_repurposing\scraper.py", line 163, in main
with sync_playwright() as p:
  File "C:\Users\brryli\AppData\Local\Programs\Python\Python312\Lib\site-packages\playwright\sync_api\_context_manager.py", line 90, in __exit__
self._connection.stop_sync()
  File "C:\Users\brryli\AppData\Local\Programs\Python\Python312\Lib\site-packages\playwright\_impl\_connection.py", line 319, in stop_sync
self._loop.run_until_complete(self._transport.wait_until_stopped())
  File "C:\Users\brryli\AppData\Local\Programs\Python\Python312\Lib\asyncio\base_events.py", line 674, in run_until_complete
self.run_forever()
  File "C:\Users\brryli\AppData\Local\Programs\Python\Python312\Lib\asyncio\windows_events.py", line 322, in run_forever
super().run_forever()
  File "C:\Users\brryli\AppData\Local\Programs\Python\Python312\Lib\asyncio\base_events.py", line 641, in run_forever
self._run_once()
  File "C:\Users\brryli\AppData\Local\Programs\Python\Python312\Lib\asyncio\base_events.py", line 1949, in _run_once
event_list = self._selector.select(timeout)
^
^
^
^
^
^
^
^
^
^
^
^
^
^
^
^
^
^
^
^
^
^
^
^
^
^
^
^
^
^
  File "C:\Users\brryli\AppData\Local\Programs\Python\Python312\Lib\asyncio\windows_events.py", line 445, in select
self._poll(timeout)
  File "C:\Users\brryli\AppData\Local\Programs\Python\Python312\Lib\asyncio\windows_events.py", line 774, in _poll
status = _overlapped.GetQueuedCompletionStatus(self._iocp, ms)
^
^
^
^
^
^
^
^
^
^
^
^
^
^
^
^
^
^
^
^
^
^
^
^
^
^
^
^
^
^
^
^
^
^
^
^
^
^
^
^
^
^
^
^
^
^
^
^
^
^
^
^
^
KeyboardInterrupt
